0 info it worked if it ends with ok
1 verbose cli [ 'node', '/usr/local/bin/npm', 'install', '-g', 'webpack' ]
2 info using npm@1.4.28
3 info using node@v0.10.33
4 verbose cache add [ 'webpack', null ]
5 verbose cache add name=undefined spec="webpack" args=["webpack",null]
6 verbose parsed url { protocol: null,
6 verbose parsed url   slashes: null,
6 verbose parsed url   auth: null,
6 verbose parsed url   host: null,
6 verbose parsed url   port: null,
6 verbose parsed url   hostname: null,
6 verbose parsed url   hash: null,
6 verbose parsed url   search: null,
6 verbose parsed url   query: null,
6 verbose parsed url   pathname: 'webpack',
6 verbose parsed url   path: 'webpack',
6 verbose parsed url   href: 'webpack' }
7 silly lockFile 057b6197-webpack webpack
8 verbose lock webpack /Users/alexsims/.npm/057b6197-webpack.lock
9 silly lockFile 057b6197-webpack webpack
10 silly lockFile 057b6197-webpack webpack
11 verbose addNamed [ 'webpack', '' ]
12 verbose addNamed [ null, '*' ]
13 silly lockFile 9c8dd08b-webpack webpack@
14 verbose lock webpack@ /Users/alexsims/.npm/9c8dd08b-webpack.lock
15 silly addNameRange { name: 'webpack', range: '*', hasData: false }
16 verbose request where is /webpack
17 verbose request registry https://registry.npmjs.org/
18 verbose request id 6b49b45691bff3da
19 verbose url raw /webpack
20 verbose url resolving [ 'https://registry.npmjs.org/', './webpack' ]
21 verbose url resolved https://registry.npmjs.org/webpack
22 verbose request where is https://registry.npmjs.org/webpack
23 info trying registry request attempt 1 at 23:47:33
24 verbose etag "8EDJM2GQ6JXB5T7RAR3SZOVES"
25 http GET https://registry.npmjs.org/webpack
26 http 304 https://registry.npmjs.org/webpack
27 silly registry.get cb [ 304,
27 silly registry.get   { date: 'Wed, 14 Oct 2015 22:47:28 GMT',
27 silly registry.get     via: '1.1 varnish',
27 silly registry.get     'cache-control': 'max-age=60',
27 silly registry.get     etag: '"8EDJM2GQ6JXB5T7RAR3SZOVES"',
27 silly registry.get     age: '45',
27 silly registry.get     connection: 'keep-alive',
27 silly registry.get     'x-served-by': 'cache-lcy1122-LCY',
27 silly registry.get     'x-cache': 'HIT',
27 silly registry.get     'x-cache-hits': '1',
27 silly registry.get     'x-timer': 'S1444862848.044716,VS0,VE2',
27 silly registry.get     vary: 'Accept' } ]
28 verbose etag https://registry.npmjs.org/webpack from cache
29 silly addNameRange number 2 { name: 'webpack', range: '*', hasData: true }
30 silly addNameRange versions [ 'webpack',
30 silly addNameRange   [ '0.1.0',
30 silly addNameRange     '0.1.1',
30 silly addNameRange     '0.1.2',
30 silly addNameRange     '0.1.3',
30 silly addNameRange     '0.1.4',
30 silly addNameRange     '0.1.5',
30 silly addNameRange     '0.1.6',
30 silly addNameRange     '0.2.0',
30 silly addNameRange     '0.2.1',
30 silly addNameRange     '0.2.2',
30 silly addNameRange     '0.2.3',
30 silly addNameRange     '0.2.4',
30 silly addNameRange     '0.2.6',
30 silly addNameRange     '0.2.7',
30 silly addNameRange     '0.2.8',
30 silly addNameRange     '0.3.0',
30 silly addNameRange     '0.3.1',
30 silly addNameRange     '0.3.2',
30 silly addNameRange     '0.3.3',
30 silly addNameRange     '0.3.4',
30 silly addNameRange     '0.3.6',
30 silly addNameRange     '0.3.7',
30 silly addNameRange     '0.3.8',
30 silly addNameRange     '0.3.9',
30 silly addNameRange     '0.3.10',
30 silly addNameRange     '0.3.11',
30 silly addNameRange     '0.3.12',
30 silly addNameRange     '0.3.13',
30 silly addNameRange     '0.3.14',
30 silly addNameRange     '0.3.15',
30 silly addNameRange     '0.3.16',
30 silly addNameRange     '0.3.17',
30 silly addNameRange     '0.3.18',
30 silly addNameRange     '0.3.19',
30 silly addNameRange     '0.3.20',
30 silly addNameRange     '0.4.0',
30 silly addNameRange     '0.4.1',
30 silly addNameRange     '0.4.2',
30 silly addNameRange     '0.4.3',
30 silly addNameRange     '0.4.4',
30 silly addNameRange     '0.4.5',
30 silly addNameRange     '0.4.6',
30 silly addNameRange     '0.4.7',
30 silly addNameRange     '0.4.8',
30 silly addNameRange     '0.4.9',
30 silly addNameRange     '0.4.10',
30 silly addNameRange     '0.4.11',
30 silly addNameRange     '0.4.12',
30 silly addNameRange     '0.4.13',
30 silly addNameRange     '0.4.14',
30 silly addNameRange     '0.4.15',
30 silly addNameRange     '0.4.16',
30 silly addNameRange     '0.4.17',
30 silly addNameRange     '0.4.18',
30 silly addNameRange     '0.4.19',
30 silly addNameRange     '0.4.20',
30 silly addNameRange     '0.4.21',
30 silly addNameRange     '0.4.23',
30 silly addNameRange     '0.4.24',
30 silly addNameRange     '0.4.25',
30 silly addNameRange     '0.5.0',
30 silly addNameRange     '0.5.1',
30 silly addNameRange     '0.5.2',
30 silly addNameRange     '0.5.3',
30 silly addNameRange     '0.5.4',
30 silly addNameRange     '0.5.5',
30 silly addNameRange     '0.5.6',
30 silly addNameRange     '0.5.7',
30 silly addNameRange     '0.5.8',
30 silly addNameRange     '0.5.10',
30 silly addNameRange     '0.6.0',
30 silly addNameRange     '0.6.1',
30 silly addNameRange     '0.6.2',
30 silly addNameRange     '0.7.0-beta',
30 silly addNameRange     '0.7.0-beta2',
30 silly addNameRange     '0.7.0-beta3',
30 silly addNameRange     '0.7.0-beta4',
30 silly addNameRange     '0.7.0-beta5',
30 silly addNameRange     '0.7.0-beta6',
30 silly addNameRange     '0.7.0-beta7',
30 silly addNameRange     '0.7.0-beta8',
30 silly addNameRange     '0.7.0',
30 silly addNameRange     '0.7.1',
30 silly addNameRange     '0.7.2',
30 silly addNameRange     '0.7.3',
30 silly addNameRange     '0.7.4',
30 silly addNameRange     '0.7.5',
30 silly addNameRange     '0.7.6',
30 silly addNameRange     '0.7.7',
30 silly addNameRange     '0.7.8',
30 silly addNameRange     '0.7.9',
30 silly addNameRange     '0.7.11',
30 silly addNameRange     '0.7.12',
30 silly addNameRange     '0.7.13',
30 silly addNameRange     '0.7.14',
30 silly addNameRange     '0.7.15',
30 silly addNameRange     '0.7.16',
30 silly addNameRange     '0.7.17',
30 silly addNameRange     '0.8.0-beta1',
30 silly addNameRange     '0.8.0-beta2',
30 silly addNameRange     '0.8.0-beta3',
30 silly addNameRange     '0.8.0-beta4',
30 silly addNameRange     '0.8.0',
30 silly addNameRange     '0.8.2',
30 silly addNameRange     '0.8.3',
30 silly addNameRange     '0.9.0-beta1',
30 silly addNameRange     '0.9.0-beta2',
30 silly addNameRange     '0.9.0-beta4',
30 silly addNameRange     '0.9.0-beta5',
30 silly addNameRange     '0.9.0-beta6',
30 silly addNameRange     '0.9.0-beta7',
30 silly addNameRange     '0.9.0-beta8',
30 silly addNameRange     '0.9.0-beta9',
30 silly addNameRange     '0.9.0-beta10',
30 silly addNameRange     '0.9.0-beta11',
30 silly addNameRange     '0.9.0-beta12',
30 silly addNameRange     '0.9.0-beta13',
30 silly addNameRange     '0.9.0-beta14',
30 silly addNameRange     '0.9.0-beta15',
30 silly addNameRange     '0.9.0-beta16',
30 silly addNameRange     '0.9.0-beta17',
30 silly addNameRange     '0.9.0-beta18',
30 silly addNameRange     '0.9.0-beta19',
30 silly addNameRange     '0.9.0-beta20',
30 silly addNameRange     '0.9.0-beta21',
30 silly addNameRange     '0.9.0-beta22',
30 silly addNameRange     '0.9.0-beta23',
30 silly addNameRange     '0.9.0-beta24',
30 silly addNameRange     '0.9.0-beta25',
30 silly addNameRange     '0.9.0-beta26',
30 silly addNameRange     '0.9.0-beta27',
30 silly addNameRange     '0.9.0-beta28',
30 silly addNameRange     '0.9.0-beta29',
30 silly addNameRange     '0.9.0-beta30',
30 silly addNameRange     '0.9.0-beta31',
30 silly addNameRange     '0.9.0-beta32',
30 silly addNameRange     '0.9.0-beta33',
30 silly addNameRange     '0.9.0-beta34',
30 silly addNameRange     '0.9.0-beta35',
30 silly addNameRange     '0.9.0-beta36',
30 silly addNameRange     '0.9.0-beta37',
30 silly addNameRange     '0.9.0-beta38',
30 silly addNameRange     '0.9.0',
30 silly addNameRange     '0.9.1',
30 silly addNameRange     '0.9.2',
30 silly addNameRange     '0.9.3',
30 silly addNameRange     '0.10.0-beta2',
30 silly addNameRange     '0.10.0-beta3',
30 silly addNameRange     '0.10.0-beta5',
30 silly addNameRange     '0.10.0-beta6',
30 silly addNameRange     '0.10.0-beta7',
30 silly addNameRange     '0.10.0-beta8',
30 silly addNameRange     '0.10.0-beta9',
30 silly addNameRange     '0.10.0-beta10',
30 silly addNameRange     '0.10.0-beta11',
30 silly addNameRange     '0.10.0-beta12',
30 silly addNameRange     '0.10.0-beta13',
30 silly addNameRange     '0.10.0-beta14',
30 silly addNameRange     '0.10.0-beta15',
30 silly addNameRange     '0.10.0-beta16',
30 silly addNameRange     '0.10.0-beta17',
30 silly addNameRange     '0.10.0-beta18',
30 silly addNameRange     '0.10.0-beta19',
30 silly addNameRange     '0.10.0-beta20',
30 silly addNameRange     '0.10.0-beta21',
30 silly addNameRange     '0.10.0-beta22',
30 silly addNameRange     '0.10.0-beta23',
30 silly addNameRange     '0.10.0-beta24',
30 silly addNameRange     '0.10.0-beta25',
30 silly addNameRange     '0.10.0',
30 silly addNameRange     '0.11.0-beta1',
30 silly addNameRange     '0.11.0-beta2',
30 silly addNameRange     '0.11.0-beta3',
30 silly addNameRange     '0.11.0-beta4',
30 silly addNameRange     '0.11.0-beta5',
30 silly addNameRange     '0.11.0-beta6',
30 silly addNameRange     '0.11.0-beta7',
30 silly addNameRange     '0.11.0-beta8',
30 silly addNameRange     '0.11.0-beta9',
30 silly addNameRange     '0.11.0-beta10',
30 silly addNameRange     '0.11.0-beta11',
30 silly addNameRange     '0.11.0-beta12',
30 silly addNameRange     '0.11.0-beta13',
30 silly addNameRange     '0.11.0-beta14',
30 silly addNameRange     '0.11.0-beta15',
30 silly addNameRange     '0.11.0-beta16',
30 silly addNameRange     '0.11.0-beta17',
30 silly addNameRange     '0.11.0-beta18',
30 silly addNameRange     '0.11.0-beta19',
30 silly addNameRange     '0.11.0-beta20',
30 silly addNameRange     '0.11.0-beta21',
30 silly addNameRange     '0.11.0-beta22',
30 silly addNameRange     '0.11.0-beta23',
30 silly addNameRange     '0.11.0-beta24',
30 silly addNameRange     '0.11.0-beta25',
30 silly addNameRange     '0.11.0-beta26',
30 silly addNameRange     '0.11.0-beta27',
30 silly addNameRange     '0.11.0-beta28',
30 silly addNameRange     '0.11.0-beta29',
30 silly addNameRange     '0.11.0',
30 silly addNameRange     '0.11.1',
30 silly addNameRange     '0.11.2',
30 silly addNameRange     '0.11.3',
30 silly addNameRange     '0.11.4',
30 silly addNameRange     '0.11.5',
30 silly addNameRange     '0.11.6',
30 silly addNameRange     '0.11.7',
30 silly addNameRange     '0.11.8',
30 silly addNameRange     '0.11.9',
30 silly addNameRange     '0.11.10',
30 silly addNameRange     '0.11.11',
30 silly addNameRange     '0.11.12',
30 silly addNameRange     '0.11.13',
30 silly addNameRange     '0.11.14',
30 silly addNameRange     '0.11.15',
30 silly addNameRange     '1.0.0-beta1',
30 silly addNameRange     '1.0.0-beta2',
30 silly addNameRange     '1.0.0-beta3',
30 silly addNameRange     '1.0.0-beta4',
30 silly addNameRange     '0.11.16',
30 silly addNameRange     '0.11.17',
30 silly addNameRange     '0.11.18',
30 silly addNameRange     '1.0.0-beta5',
30 silly addNameRange     '1.0.0-beta6',
30 silly addNameRange     '1.0.0-beta7',
30 silly addNameRange     '1.0.0-beta8',
30 silly addNameRange     '1.0.0-beta9',
30 silly addNameRange     '1.0.0-rc1',
30 silly addNameRange     '1.0.0-rc2',
30 silly addNameRange     '1.0.0-rc3',
30 silly addNameRange     '1.0.0-rc4',
30 silly addNameRange     '1.0.0-rc5',
30 silly addNameRange     '1.0.0-rc7',
30 silly addNameRange     '1.0.0-rc8',
30 silly addNameRange     '1.0.0-rc9',
30 silly addNameRange     '1.0.0-rc11',
30 silly addNameRange     '1.0.0-rc12',
30 silly addNameRange     '1.0.0',
30 silly addNameRange     '1.0.1',
30 silly addNameRange     '1.0.3',
30 silly addNameRange     '1.0.4',
30 silly addNameRange     '1.0.5',
30 silly addNameRange     '1.1.0-beta1',
30 silly addNameRange     '1.1.0-beta2',
30 silly addNameRange     '1.1.0-beta3',
30 silly addNameRange     '1.1.0-beta4',
30 silly addNameRange     '1.1.0-beta5',
30 silly addNameRange     '1.1.0-beta6',
30 silly addNameRange     '1.1.0-beta7',
30 silly addNameRange     '1.1.0-beta8',
30 silly addNameRange     '1.1.0-beta9',
30 silly addNameRange     '1.1.0-beta10',
30 silly addNameRange     '1.1.0-beta12',
30 silly addNameRange     '1.1.0',
30 silly addNameRange     '1.1.1',
30 silly addNameRange     '1.1.2',
30 silly addNameRange     '1.1.3',
30 silly addNameRange     '1.1.4',
30 silly addNameRange     '1.1.5',
30 silly addNameRange     '1.1.6',
30 silly addNameRange     '1.1.7',
30 silly addNameRange     '1.1.8',
30 silly addNameRange     '1.1.9',
30 silly addNameRange     '1.1.10',
30 silly addNameRange     '1.1.11',
30 silly addNameRange     '1.2.0-beta1',
30 silly addNameRange     '1.2.0-beta2',
30 silly addNameRange     '1.2.0-beta4',
30 silly addNameRange     '1.2.0-beta5',
30 silly addNameRange     '1.2.0-beta6',
30 silly addNameRange     '1.3.0-beta1',
30 silly addNameRange     '1.3.0-beta2',
30 silly addNameRange     '1.3.0-beta3',
30 silly addNameRange     '1.3.0-beta4',
30 silly addNameRange     '1.3.0-beta5',
30 silly addNameRange     '1.3.0-beta6',
30 silly addNameRange     '1.3.0-beta7',
30 silly addNameRange     '1.3.0-beta8',
30 silly addNameRange     '1.3.0-beta9',
30 silly addNameRange     '1.3.1-beta1',
30 silly addNameRange     '1.3.1-beta2',
30 silly addNameRange     '1.3.1-beta3',
30 silly addNameRange     '1.3.1-beta4',
30 silly addNameRange     '1.3.1-beta5',
30 silly addNameRange     '1.3.1-beta6',
30 silly addNameRange     '1.3.1-beta7',
30 silly addNameRange     '1.3.1-beta8',
30 silly addNameRange     '1.3.1-beta9',
30 silly addNameRange     '1.3.2-beta1',
30 silly addNameRange     '1.3.2-beta2',
30 silly addNameRange     '1.3.2-beta3',
30 silly addNameRange     '1.3.2-beta4',
30 silly addNameRange     '1.3.2-beta5',
30 silly addNameRange     '1.3.2-beta6',
30 silly addNameRange     '1.3.2-beta7',
30 silly addNameRange     '1.3.2-beta8',
30 silly addNameRange     '1.3.2-beta9',
30 silly addNameRange     '1.3.3-beta1',
30 silly addNameRange     '1.3.3-beta2',
30 silly addNameRange     '1.3.4',
30 silly addNameRange     '1.3.5',
30 silly addNameRange     '1.3.6',
30 silly addNameRange     '1.3.7',
30 silly addNameRange     '1.4.0-beta1',
30 silly addNameRange     '1.4.0-beta2',
30 silly addNameRange     '1.4.0-beta3',
30 silly addNameRange     '1.4.0-beta4',
30 silly addNameRange     '1.4.0-beta5',
30 silly addNameRange     '1.4.0-beta6',
30 silly addNameRange     '1.4.0-beta7',
30 silly addNameRange     '1.4.0-beta8',
30 silly addNameRange     '1.4.0-beta9',
30 silly addNameRange     '1.4.0-beta10',
30 silly addNameRange     '1.4.1-beta1',
30 silly addNameRange     '1.4.2',
30 silly addNameRange     '1.4.3',
30 silly addNameRange     '1.4.4',
30 silly addNameRange     '1.4.5',
30 silly addNameRange     '1.4.6',
30 silly addNameRange     '1.4.7',
30 silly addNameRange     '1.4.8',
30 silly addNameRange     '1.4.9',
30 silly addNameRange     '1.4.10',
30 silly addNameRange     '1.4.11',
30 silly addNameRange     '1.4.12',
30 silly addNameRange     '1.4.13',
30 silly addNameRange     '1.4.14',
30 silly addNameRange     '1.4.15',
30 silly addNameRange     '1.5.0',
30 silly addNameRange     '1.5.1',
30 silly addNameRange     '1.5.2',
30 silly addNameRange     '1.5.3',
30 silly addNameRange     '1.6.0',
30 silly addNameRange     '1.7.0',
30 silly addNameRange     '1.7.1',
30 silly addNameRange     '1.7.2',
30 silly addNameRange     '1.7.3',
30 silly addNameRange     '1.8.0',
30 silly addNameRange     '1.8.1',
30 silly addNameRange     '1.8.2',
30 silly addNameRange     '1.8.3',
30 silly addNameRange     '1.8.4',
30 silly addNameRange     '1.8.5',
30 silly addNameRange     '1.8.6',
30 silly addNameRange     '1.8.7',
30 silly addNameRange     '1.8.8',
30 silly addNameRange     '1.8.9',
30 silly addNameRange     '1.8.10',
30 silly addNameRange     '1.8.11',
30 silly addNameRange     '1.9.0',
30 silly addNameRange     '1.9.1',
30 silly addNameRange     '1.9.2',
30 silly addNameRange     '1.9.3',
30 silly addNameRange     '1.9.4',
30 silly addNameRange     '1.9.5',
30 silly addNameRange     '1.9.6',
30 silly addNameRange     '1.9.7',
30 silly addNameRange     '1.9.8',
30 silly addNameRange     '1.9.9',
30 silly addNameRange     '1.9.10',
30 silly addNameRange     '1.9.11',
30 silly addNameRange     '1.9.12',
30 silly addNameRange     '1.9.13',
30 silly addNameRange     '1.10.0',
30 silly addNameRange     '1.10.1',
30 silly addNameRange     '1.10.2',
30 silly addNameRange     '1.10.3',
30 silly addNameRange     '1.10.4',
30 silly addNameRange     '1.10.5',
30 silly addNameRange     '1.11.0',
30 silly addNameRange     '1.12.0',
30 silly addNameRange     '1.12.1',
30 silly addNameRange     '1.12.2' ] ]
31 verbose addNamed [ 'webpack', '1.12.2' ]
32 verbose addNamed [ '1.12.2', '1.12.2' ]
33 silly lockFile 11802b3d-webpack-1-12-2 webpack@1.12.2
34 verbose lock webpack@1.12.2 /Users/alexsims/.npm/11802b3d-webpack-1-12-2.lock
35 silly lockFile 11802b3d-webpack-1-12-2 webpack@1.12.2
36 silly lockFile 11802b3d-webpack-1-12-2 webpack@1.12.2
37 silly lockFile 9c8dd08b-webpack webpack@
38 silly lockFile 9c8dd08b-webpack webpack@
39 silly resolved [ { name: 'webpack',
39 silly resolved     version: '1.12.2',
39 silly resolved     author: { name: 'Tobias Koppers @sokra' },
39 silly resolved     description: 'Packs CommonJs/AMD modules for the browser. Allows to split your codebase into multiple bundles, which can be loaded on demand. Support loaders to preprocess files, i.e. json, jade, coffee, css, less, ... and your custom stuff.',
39 silly resolved     dependencies:
39 silly resolved      { async: '^1.3.0',
39 silly resolved        clone: '^1.0.2',
39 silly resolved        'enhanced-resolve': '~0.9.0',
39 silly resolved        esprima: '^2.5.0',
39 silly resolved        interpret: '^0.6.4',
39 silly resolved        'memory-fs': '~0.2.0',
39 silly resolved        mkdirp: '~0.5.0',
39 silly resolved        'node-libs-browser': '>= 0.4.0 <=0.6.0',
39 silly resolved        optimist: '~0.6.0',
39 silly resolved        'supports-color': '^3.1.0',
39 silly resolved        tapable: '~0.1.8',
39 silly resolved        'uglify-js': '~2.4.24',
39 silly resolved        watchpack: '^0.2.1',
39 silly resolved        'webpack-core': '~0.6.0' },
39 silly resolved     license: 'MIT',
39 silly resolved     devDependencies:
39 silly resolved      { benchmark: '^1.0.0',
39 silly resolved        'bundle-loader': '~0.5.0',
39 silly resolved        'codecov.io': '^0.1.2',
39 silly resolved        'coffee-loader': '~0.7.1',
39 silly resolved        'component-webpack-plugin': '~0.2.0',
39 silly resolved        coveralls: '^2.11.2',
39 silly resolved        'css-loader': '~0.15.0',
39 silly resolved        diff: '^2.0.2',
39 silly resolved        eslint: '^1.1.0',
39 silly resolved        'eslint-plugin-nodeca': '^1.0.3',
39 silly resolved        express: '~4.13.1',
39 silly resolved        'extract-text-webpack-plugin': '~0.8.0',
39 silly resolved        'file-loader': '~0.8.0',
39 silly resolved        glob: '^5.0.14',
39 silly resolved        'i18n-webpack-plugin': '~0.2.0',
39 silly resolved        istanbul: '^0.3.13',
39 silly resolved        'jade-loader': '~0.7.0',
39 silly resolved        'js-beautify': '^1.5.10',
39 silly resolved        'json-loader': '~0.5.1',
39 silly resolved        'less-loader': '^2.0.0',
39 silly resolved        'loader-utils': '^0.2.11',
39 silly resolved        mocha: '~2.2.0',
39 silly resolved        'mocha-lcov-reporter': '0.0.2',
39 silly resolved        'raw-loader': '~0.5.0',
39 silly resolved        'script-loader': '~0.6.0',
39 silly resolved        should: '^7.0.2',
39 silly resolved        'style-loader': '~0.12.0',
39 silly resolved        'url-loader': '~0.5.0',
39 silly resolved        'val-loader': '~0.5.0',
39 silly resolved        'vm-browserify': '~0.0.0',
39 silly resolved        'webpack-dev-middleware': '^1.0.0',
39 silly resolved        'worker-loader': '~0.6.0' },
39 silly resolved     engines: { node: '>=0.6' },
39 silly resolved     repository:
39 silly resolved      { type: 'git',
39 silly resolved        url: 'git+https://github.com/webpack/webpack.git' },
39 silly resolved     homepage: 'https://github.com/webpack/webpack',
39 silly resolved     main: 'lib/webpack.js',
39 silly resolved     web: 'lib/webpack.web.js',
39 silly resolved     bin: { webpack: './bin/webpack.js' },
39 silly resolved     files: [ 'lib/', 'bin/', 'buildin/', 'hot/', 'web_modules/' ],
39 silly resolved     scripts:
39 silly resolved      { pretest: 'npm run lint && npm run beautify-lint',
39 silly resolved        test: 'mocha',
39 silly resolved        travis: 'npm run cover -- --report lcovonly',
39 silly resolved        lint: 'eslint lib bin hot scripts',
39 silly resolved        'beautify-lint': 'node ./scripts/beautify-check',
39 silly resolved        beautify: 'node ./scripts/beautify-rewrite',
39 silly resolved        precover: 'npm run lint && npm run beautify-lint',
39 silly resolved        cover: 'istanbul cover -x *.runtime.js node_modules/mocha/bin/_mocha',
39 silly resolved        'publish-patch': 'mocha && npm version patch && git push && git push --tags && npm publish' },
39 silly resolved     gitHead: '89fda6a575eb379d974a30a5229d74c77ba35cc5',
39 silly resolved     bugs: { url: 'https://github.com/webpack/webpack/issues' },
39 silly resolved     _id: 'webpack@1.12.2',
39 silly resolved     _shasum: 'ef40ed5d7c54716f5fae1598a451669316434e51',
39 silly resolved     _from: 'webpack@',
39 silly resolved     _npmVersion: '2.14.2',
39 silly resolved     _nodeVersion: '4.0.0',
39 silly resolved     _npmUser: { name: 'sokra', email: 'tobias.koppers@googlemail.com' },
39 silly resolved     dist:
39 silly resolved      { shasum: 'ef40ed5d7c54716f5fae1598a451669316434e51',
39 silly resolved        tarball: 'http://registry.npmjs.org/webpack/-/webpack-1.12.2.tgz' },
39 silly resolved     maintainers: [ [Object] ],
39 silly resolved     directories: {},
39 silly resolved     _resolved: 'https://registry.npmjs.org/webpack/-/webpack-1.12.2.tgz',
39 silly resolved     readme: 'ERROR: No README data found!' } ]
40 info install webpack@1.12.2 into /usr/local/lib
41 info installOne webpack@1.12.2
42 verbose lib/node_modules/webpack unbuild
43 verbose tar unpack /Users/alexsims/.npm/webpack/1.12.2/package.tgz
44 silly lockFile dd1c7ecc-r-local-lib-node-modules-webpack tar:///usr/local/lib/node_modules/webpack
45 verbose lock tar:///usr/local/lib/node_modules/webpack /Users/alexsims/.npm/dd1c7ecc-r-local-lib-node-modules-webpack.lock
46 silly lockFile 2b3cd6bf-s-npm-webpack-1-12-2-package-tgz tar:///Users/alexsims/.npm/webpack/1.12.2/package.tgz
47 verbose lock tar:///Users/alexsims/.npm/webpack/1.12.2/package.tgz /Users/alexsims/.npm/2b3cd6bf-s-npm-webpack-1-12-2-package-tgz.lock
48 silly gunzTarPerm modes [ '755', '644' ]
49 error Error: EACCES, mkdir '/usr/local/lib/node_modules/webpack'
49 error  { [Error: EACCES, mkdir '/usr/local/lib/node_modules/webpack']
49 error   errno: 3,
49 error   code: 'EACCES',
49 error   path: '/usr/local/lib/node_modules/webpack',
49 error   fstream_type: 'Directory',
49 error   fstream_path: '/usr/local/lib/node_modules/webpack',
49 error   fstream_class: 'DirWriter',
49 error   fstream_stack:
49 error    [ '/usr/local/lib/node_modules/npm/node_modules/fstream/lib/dir-writer.js:36:23',
49 error      '/usr/local/lib/node_modules/npm/node_modules/mkdirp/index.js:46:53',
49 error      'Object.oncomplete (fs.js:107:15)' ] }
50 error Please try running this command again as root/Administrator.
51 error System Darwin 14.0.0
52 error command "node" "/usr/local/bin/npm" "install" "-g" "webpack"
53 error cwd /Users/alexsims/Documents/web/react-projects/react-test
54 error node -v v0.10.33
55 error npm -v 1.4.28
56 error path /usr/local/lib/node_modules/webpack
57 error fstream_path /usr/local/lib/node_modules/webpack
58 error fstream_type Directory
59 error fstream_class DirWriter
60 error code EACCES
61 error errno 3
62 error stack Error: EACCES, mkdir '/usr/local/lib/node_modules/webpack'
63 error fstream_stack /usr/local/lib/node_modules/npm/node_modules/fstream/lib/dir-writer.js:36:23
63 error fstream_stack /usr/local/lib/node_modules/npm/node_modules/mkdirp/index.js:46:53
63 error fstream_stack Object.oncomplete (fs.js:107:15)
64 verbose exit [ 3, true ]
